{"/Users/andysbrain/Development/Personal Projects/deeply-assign/src/index.js": {"path":"/Users/andysbrain/Development/Personal Projects/deeply-assign/src/index.js","all":false,"statementMap":{"0":{"start":{"line":1,"column":0},"end":{"line":1,"column":45}},"1":{"start":{"line":2,"column":0},"end":{"line":2,"column":21}},"2":{"start":{"line":3,"column":0},"end":{"line":3,"column":0}},"3":{"start":{"line":4,"column":0},"end":{"line":4,"column":37}},"4":{"start":{"line":5,"column":0},"end":{"line":5,"column":38}},"5":{"start":{"line":6,"column":0},"end":{"line":6,"column":0}},"6":{"start":{"line":7,"column":0},"end":{"line":7,"column":45}},"7":{"start":{"line":8,"column":0},"end":{"line":8,"column":77}},"8":{"start":{"line":9,"column":0},"end":{"line":9,"column":5}},"9":{"start":{"line":10,"column":0},"end":{"line":10,"column":0}},"10":{"start":{"line":11,"column":0},"end":{"line":11,"column":63}},"11":{"start":{"line":12,"column":0},"end":{"line":12,"column":136}},"12":{"start":{"line":13,"column":0},"end":{"line":13,"column":0}},"13":{"start":{"line":14,"column":0},"end":{"line":14,"column":51}},"14":{"start":{"line":15,"column":0},"end":{"line":15,"column":39}},"15":{"start":{"line":16,"column":0},"end":{"line":16,"column":81}},"16":{"start":{"line":17,"column":0},"end":{"line":17,"column":20}},"17":{"start":{"line":18,"column":0},"end":{"line":18,"column":30}},"18":{"start":{"line":19,"column":0},"end":{"line":19,"column":13}},"19":{"start":{"line":20,"column":0},"end":{"line":20,"column":23}},"20":{"start":{"line":21,"column":0},"end":{"line":21,"column":15}},"21":{"start":{"line":22,"column":0},"end":{"line":22,"column":0}},"22":{"start":{"line":23,"column":0},"end":{"line":23,"column":33}},"23":{"start":{"line":24,"column":0},"end":{"line":24,"column":43}},"24":{"start":{"line":25,"column":0},"end":{"line":25,"column":62}},"25":{"start":{"line":26,"column":0},"end":{"line":26,"column":44}},"26":{"start":{"line":27,"column":0},"end":{"line":27,"column":80}},"27":{"start":{"line":28,"column":0},"end":{"line":28,"column":124}},"28":{"start":{"line":29,"column":0},"end":{"line":29,"column":25}},"29":{"start":{"line":30,"column":0},"end":{"line":30,"column":0}},"30":{"start":{"line":31,"column":0},"end":{"line":31,"column":82}},"31":{"start":{"line":32,"column":0},"end":{"line":32,"column":33}},"32":{"start":{"line":33,"column":0},"end":{"line":33,"column":21}},"33":{"start":{"line":34,"column":0},"end":{"line":34,"column":0}},"34":{"start":{"line":35,"column":0},"end":{"line":35,"column":43}},"35":{"start":{"line":36,"column":0},"end":{"line":36,"column":40}},"36":{"start":{"line":37,"column":0},"end":{"line":37,"column":61}},"37":{"start":{"line":38,"column":0},"end":{"line":38,"column":32}},"38":{"start":{"line":39,"column":0},"end":{"line":39,"column":42}},"39":{"start":{"line":40,"column":0},"end":{"line":40,"column":25}},"40":{"start":{"line":41,"column":0},"end":{"line":41,"column":0}},"41":{"start":{"line":42,"column":0},"end":{"line":42,"column":33}},"42":{"start":{"line":43,"column":0},"end":{"line":43,"column":21}},"43":{"start":{"line":44,"column":0},"end":{"line":44,"column":0}},"44":{"start":{"line":45,"column":0},"end":{"line":45,"column":34}},"45":{"start":{"line":46,"column":0},"end":{"line":46,"column":17}},"46":{"start":{"line":47,"column":0},"end":{"line":47,"column":13}},"47":{"start":{"line":48,"column":0},"end":{"line":48,"column":9}},"48":{"start":{"line":49,"column":0},"end":{"line":49,"column":0}},"49":{"start":{"line":50,"column":0},"end":{"line":50,"column":22}},"50":{"start":{"line":51,"column":0},"end":{"line":51,"column":5}},"51":{"start":{"line":52,"column":0},"end":{"line":52,"column":0}},"52":{"start":{"line":53,"column":0},"end":{"line":53,"column":29}},"53":{"start":{"line":54,"column":0},"end":{"line":54,"column":0}},"54":{"start":{"line":55,"column":0},"end":{"line":55,"column":5}}},"s":{"0":1,"1":1,"2":1,"3":1,"4":1,"5":1,"6":1,"7":5,"8":5,"9":1,"10":1,"11":1,"12":1,"13":1,"14":2,"15":0,"16":2,"17":2,"18":2,"19":2,"20":1,"21":1,"22":1,"23":1,"24":2,"25":3,"26":0,"27":0,"28":0,"29":0,"30":0,"31":0,"32":0,"33":3,"34":3,"35":0,"36":0,"37":0,"38":0,"39":0,"40":0,"41":0,"42":0,"43":3,"44":3,"45":3,"46":2,"47":1,"48":1,"49":1,"50":1,"51":1,"52":1,"53":1,"54":1},"branchMap":{"0":{"type":"branch","line":1,"loc":{"start":{"line":1,"column":33},"end":{"line":55,"column":4}},"locations":[{"start":{"line":1,"column":33},"end":{"line":55,"column":4}}]},"1":{"type":"branch","line":7,"loc":{"start":{"line":7,"column":21},"end":{"line":9,"column":5}},"locations":[{"start":{"line":7,"column":21},"end":{"line":9,"column":5}}]},"2":{"type":"branch","line":8,"loc":{"start":{"line":8,"column":38},"end":{"line":8,"column":53}},"locations":[{"start":{"line":8,"column":38},"end":{"line":8,"column":53}}]},"3":{"type":"branch","line":8,"loc":{"start":{"line":8,"column":53},"end":{"line":8,"column":76}},"locations":[{"start":{"line":8,"column":53},"end":{"line":8,"column":76}}]},"4":{"type":"branch","line":11,"loc":{"start":{"line":11,"column":24},"end":{"line":51,"column":5}},"locations":[{"start":{"line":11,"column":24},"end":{"line":51,"column":5}}]},"5":{"type":"branch","line":11,"loc":{"start":{"line":11,"column":60},"end":{"line":11,"column":62}},"locations":[{"start":{"line":11,"column":60},"end":{"line":11,"column":62}}]},"6":{"type":"branch","line":11,"loc":{"start":{"line":11,"column":60},"end":{"line":11,"column":62}},"locations":[{"start":{"line":11,"column":60},"end":{"line":11,"column":62}}]},"7":{"type":"branch","line":12,"loc":{"start":{"line":12,"column":78},"end":{"line":12,"column":103}},"locations":[{"start":{"line":12,"column":78},"end":{"line":12,"column":103}}]},"8":{"type":"branch","line":24,"loc":{"start":{"line":24,"column":42},"end":{"line":47,"column":13}},"locations":[{"start":{"line":24,"column":42},"end":{"line":47,"column":13}}]},"9":{"type":"branch","line":25,"loc":{"start":{"line":25,"column":61},"end":{"line":46,"column":17}},"locations":[{"start":{"line":25,"column":61},"end":{"line":46,"column":17}}]},"10":{"type":"branch","line":26,"loc":{"start":{"line":26,"column":43},"end":{"line":33,"column":21}},"locations":[{"start":{"line":26,"column":43},"end":{"line":33,"column":21}}]},"11":{"type":"branch","line":35,"loc":{"start":{"line":35,"column":42},"end":{"line":43,"column":21}},"locations":[{"start":{"line":35,"column":42},"end":{"line":43,"column":21}}]},"12":{"type":"branch","line":14,"loc":{"start":{"line":14,"column":36},"end":{"line":21,"column":9}},"locations":[{"start":{"line":14,"column":36},"end":{"line":21,"column":9}}]},"13":{"type":"branch","line":15,"loc":{"start":{"line":15,"column":38},"end":{"line":17,"column":13}},"locations":[{"start":{"line":15,"column":38},"end":{"line":17,"column":13}}]}},"b":{"0":[1],"1":[5],"2":[2],"3":[2],"4":[1],"5":[0],"6":[2],"7":[0],"8":[2],"9":[3],"10":[0],"11":[0],"12":[2],"13":[0]},"fnMap":{"0":{"name":"isObject","decl":{"start":{"line":7,"column":21},"end":{"line":9,"column":5}},"loc":{"start":{"line":7,"column":21},"end":{"line":9,"column":5}},"line":7},"1":{"name":"deeplyMerge","decl":{"start":{"line":11,"column":24},"end":{"line":51,"column":5}},"loc":{"start":{"line":11,"column":24},"end":{"line":51,"column":5}},"line":11}},"f":{"0":5,"1":1}}
}
