TN:
SF:src/index.js
FN:7,isObject
FN:11,deeplyMerge
FNF:2
FNH:2
FNDA:5,isObject
FNDA:1,deeplyMerge
DA:1,1
DA:2,1
DA:3,1
DA:4,1
DA:5,1
DA:6,1
DA:7,1
DA:8,5
DA:9,5
DA:10,1
DA:11,1
DA:12,1
DA:13,1
DA:14,1
DA:15,2
DA:16,0
DA:17,2
DA:18,2
DA:19,2
DA:20,2
DA:21,1
DA:22,1
DA:23,1
DA:24,1
DA:25,2
DA:26,3
DA:27,0
DA:28,0
DA:29,0
DA:30,0
DA:31,0
DA:32,0
DA:33,0
DA:34,3
DA:35,3
DA:36,0
DA:37,0
DA:38,0
DA:39,0
DA:40,0
DA:41,0
DA:42,0
DA:43,0
DA:44,3
DA:45,3
DA:46,3
DA:47,2
DA:48,1
DA:49,1
DA:50,1
DA:51,1
DA:52,1
DA:53,1
DA:54,1
DA:55,1
LF:55
LH:39
BRDA:1,0,0,1
BRDA:7,1,0,5
BRDA:8,2,0,2
BRDA:8,3,0,2
BRDA:11,4,0,1
BRDA:11,5,0,0
BRDA:11,6,0,2
BRDA:12,7,0,0
BRDA:24,8,0,2
BRDA:25,9,0,3
BRDA:26,10,0,0
BRDA:35,11,0,0
BRDA:14,12,0,2
BRDA:15,13,0,0
BRF:14
BRH:9
end_of_record
